<?xml version="1.0" encoding="UTF-8"?>
<!-- Generated by org.testng.reporters.JUnitReportReporter -->
<testsuite skipped="0" hostname="Matti-PC" name="com.api.restclient.test.QueryParameterTest" tests="1" failures="0" timestamp="14 Apr 2019 20:43:04 GMT" time="0.041" errors="0">
  <testcase name="validateQueryPath" time="0.041" classname="com.api.restclient.test.QueryParameterTest"/>
</testsuite> <!-- com.api.restclient.test.QueryParameterTest -->
