<?xml version="1.0" encoding="UTF-8"?>
<!-- Generated by org.testng.reporters.JUnitReportReporter -->
<testsuite skipped="0" hostname="Matti-PC" name="com.api.restclient.test.GetMethodTest" tests="1" failures="0" timestamp="13 May 2019 21:19:18 GMT" time="40.399" errors="0">
  <testcase name="validateGetById" time="40.399" classname="com.api.restclient.test.GetMethodTest"/>
</testsuite> <!-- com.api.restclient.test.GetMethodTest -->
